{
  "RSpec": {
    "coverage": {
      "/home/rafael/workspace/quiz-project-tp2/spec/models/answer_spec.rb": [
        1,
        null,
        1,
        2,
        null,
        2,
        null
      ],
      "/home/rafael/workspace/quiz-project-tp2/spec/rails_helper.rb": [
        null,
        1,
        1,
        1,
        null,
        1,
        1,
        null,
        1,
        null,
        null,
        null,
        null,
        null,
        null,
        null,
        null,
        null,
        null,
        null,
        null,
        null,
        null,
        null,
        null,
        null,
        null,
        1,
        null,
        1,
        1,
        null,
        null,
        1,
        null,
        1,
        1,
        1,
        1,
        null,
        null,
        null,
        null,
        null,
        null,
        1,
        null,
        null,
        null,
        null,
        null,
        null,
        null,
        null,
        null,
        null,
        null,
        null,
        null,
        null,
        1,
        null,
        null,
        1,
        null,
        null,
        null
      ],
      "/home/rafael/workspace/quiz-project-tp2/config/environment.rb": [
        null,
        1,
        null,
        null,
        1
      ],
      "/home/rafael/workspace/quiz-project-tp2/config/application.rb": [
        1,
        null,
        1,
        null,
        null,
        null,
        1,
        null,
        1,
        1,
        null,
        null,
        null,
        1,
        1,
        1,
        null,
        1,
        null,
        null
      ],
      "/home/rafael/workspace/quiz-project-tp2/config/boot.rb": [
        1,
        null,
        1
      ],
      "/home/rafael/workspace/quiz-project-tp2/config/environments/test.rb": [
        1,
        null,
        null,
        null,
        null,
        null,
        null,
        1,
        null,
        null,
        null,
        null,
        1,
        null,
        null,
        1,
        1,
        null,
        null,
        null,
        null,
        1,
        1,
        null,
        null,
        1,
        null,
        null,
        1,
        1,
        null,
        null,
        null,
        null,
        1,
        null,
        null,
        1,
        null,
        null,
        null,
        null
      ],
      "/home/rafael/workspace/quiz-project-tp2/config/initializers/application_controller_renderer.rb": [
        null,
        null,
        null,
        null,
        null,
        null
      ],
      "/home/rafael/workspace/quiz-project-tp2/config/initializers/assets.rb": [
        null,
        null,
        null,
        1,
        null,
        null,
        null,
        null,
        null,
        null,
        null
      ],
      "/home/rafael/workspace/quiz-project-tp2/config/initializers/backtrace_silencers.rb": [
        null,
        null,
        null,
        null,
        null,
        null,
        null
      ],
      "/home/rafael/workspace/quiz-project-tp2/config/initializers/cookies_serializer.rb": [
        null,
        null,
        null,
        null,
        1
      ],
      "/home/rafael/workspace/quiz-project-tp2/config/initializers/devise.rb": [
        null,
        null,
        1,
        null,
        null,
        null,
        null,
        null,
        null,
        null,
        null,
        null,
        null,
        null,
        1,
        null,
        null,
        null,
        null,
        null,
        null,
        null,
        null,
        null,
        null,
        null,
        1,
        null,
        null,
        null,
        null,
        null,
        null,
        null,
        null,
        null,
        null,
        null,
        null,
        null,
        null,
        null,
        null,
        null,
        null,
        null,
        null,
        null,
        1,
        null,
        null,
        null,
        null,
        1,
        null,
        null,
        null,
        null,
        null,
        null,
        null,
        null,
        null,
        null,
        null,
        null,
        null,
        null,
        null,
        null,
        null,
        null,
        null,
        null,
        null,
        null,
        null,
        null,
        null,
        null,
        null,
        null,
        null,
        null,
        1,
        null,
        null,
        null,
        null,
        null,
        null,
        null,
        null,
        null,
        null,
        null,
        null,
        null,
        null,
        null,
        null,
        null,
        null,
        null,
        null,
        null,
        null,
        1,
        null,
        null,
        null,
        null,
        null,
        null,
        null,
        null,
        null,
        null,
        null,
        null,
        null,
        null,
        null,
        null,
        null,
        null,
        null,
        null,
        null,
        null,
        null,
        null,
        null,
        null,
        null,
        1,
        null,
        null,
        null,
        null,
        null,
        null,
        null,
        null,
        null,
        1,
        null,
        null,
        null,
        null,
        null,
        null,
        null,
        null,
        null,
        null,
        1,
        null,
        null,
        null,
        null,
        1,
        null,
        null,
        null,
        null,
        null,
        null,
        null,
        null,
        null,
        null,
        null,
        null,
        null,
        null,
        null,
        null,
        null,
        null,
        null,
        null,
        null,
        null,
        null,
        null,
        null,
        null,
        null,
        null,
        null,
        null,
        null,
        null,
        null,
        null,
        null,
        null,
        null,
        null,
        null,
        null,
        1,
        null,
        null,
        null,
        null,
        null,
        null,
        null,
        null,
        null,
        null,
        null,
        null,
        null,
        null,
        null,
        null,
        null,
        null,
        null,
        null,
        null,
        null,
        null,
        null,
        null,
        null,
        null,
        null,
        null,
        null,
        null,
        null,
        null,
        null,
        null,
        null,
        null,
        null,
        null,
        null,
        null,
        1,
        null,
        null,
        null,
        null,
        null,
        null,
        null,
        null,
        null,
        null,
        null,
        null,
        null,
        null,
        null,
        null,
        null,
        null,
        null,
        null,
        null,
        null,
        null,
        null,
        null,
        null,
        null,
        null,
        null
      ],
      "/home/rafael/workspace/quiz-project-tp2/config/initializers/filter_parameter_logging.rb": [
        null,
        null,
        null,
        1
      ],
      "/home/rafael/workspace/quiz-project-tp2/config/initializers/inflections.rb": [
        null,
        null,
        null,
        null,
        null,
        null,
        null,
        null,
        null,
        null,
        null,
        null,
        null,
        null,
        null,
        null
      ],
      "/home/rafael/workspace/quiz-project-tp2/config/initializers/mime_types.rb": [
        null,
        null,
        null,
        null
      ],
      "/home/rafael/workspace/quiz-project-tp2/config/initializers/new_framework_defaults.rb": [
        null,
        null,
        null,
        null,
        null,
        null,
        null,
        1,
        null,
        null,
        1,
        null,
        null,
        null,
        1,
        null,
        null,
        1,
        null,
        null,
        1,
        null,
        null,
        1
      ],
      "/home/rafael/workspace/quiz-project-tp2/config/initializers/session_store.rb": [
        null,
        null,
        1
      ],
      "/home/rafael/workspace/quiz-project-tp2/config/initializers/wrap_parameters.rb": [
        null,
        null,
        null,
        null,
        null,
        null,
        1,
        2,
        null,
        null,
        null,
        null,
        null,
        null
      ],
      "/home/rafael/workspace/quiz-project-tp2/spec/factories/answers.rb": [
        1,
        1,
        1,
        1,
        1,
        null,
        null
      ],
      "/home/rafael/workspace/quiz-project-tp2/spec/factories/disciplines.rb": [
        1,
        1,
        1,
        null,
        null
      ],
      "/home/rafael/workspace/quiz-project-tp2/spec/factories/notebooks.rb": [
        1,
        1,
        1,
        null,
        null
      ],
      "/home/rafael/workspace/quiz-project-tp2/spec/factories/questions.rb": [
        1,
        1,
        1,
        1,
        null,
        null
      ],
      "/home/rafael/workspace/quiz-project-tp2/spec/factories/quizzes.rb": [
        1,
        1,
        1,
        1,
        null,
        null
      ],
      "/home/rafael/workspace/quiz-project-tp2/spec/factories/topics.rb": [
        1,
        1,
        1,
        1,
        null,
        null
      ],
      "/home/rafael/workspace/quiz-project-tp2/spec/factories/users.rb": [
        1,
        1,
        1,
        1,
        1,
        1,
        null,
        null
      ],
      "/home/rafael/workspace/quiz-project-tp2/config/routes.rb": [
        1,
        1,
        null,
        null,
        null,
        1,
        1,
        null,
        null,
        1,
        null,
        1,
        1,
        1,
        null,
        1,
        1,
        null,
        null,
        1,
        1,
        1,
        null
      ],
      "/home/rafael/workspace/quiz-project-tp2/app/models/user.rb": [
        null,
        null,
        null,
        1,
        1,
        null,
        null,
        null,
        null,
        1,
        null,
        null,
        null,
        1,
        null,
        null,
        null,
        1,
        null,
        null,
        null,
        1,
        null,
        null,
        null,
        1,
        null,
        null,
        null,
        1,
        null,
        1,
        null,
        null,
        null,
        null,
        1,
        2,
        null,
        null
      ],
      "/home/rafael/workspace/quiz-project-tp2/app/models/application_record.rb": [
        null,
        null,
        null,
        null,
        null,
        1,
        1,
        null
      ],
      "/home/rafael/workspace/quiz-project-tp2/spec/support/factory_girl.rb": [
        1,
        1,
        null
      ],
      "/home/rafael/workspace/quiz-project-tp2/app/models/answer.rb": [
        null,
        null,
        null,
        1,
        null,
        null,
        1,
        null,
        1,
        null
      ],
      "/home/rafael/workspace/quiz-project-tp2/spec/models/discipline_spec.rb": [
        1,
        null,
        1,
        2,
        2,
        null,
        2,
        null,
        2,
        null
      ],
      "/home/rafael/workspace/quiz-project-tp2/app/models/discipline.rb": [
        null,
        null,
        null,
        1,
        null,
        null,
        1,
        null,
        null,
        null,
        1,
        null,
        1,
        null,
        null,
        null,
        1,
        null
      ],
      "/home/rafael/workspace/quiz-project-tp2/spec/models/notebook_spec.rb": [
        1,
        null,
        1,
        2,
        2,
        null
      ],
      "/home/rafael/workspace/quiz-project-tp2/app/models/notebook.rb": [
        null,
        null,
        null,
        1,
        null,
        null,
        1,
        null,
        null,
        null,
        1,
        null
      ],
      "/home/rafael/workspace/quiz-project-tp2/spec/models/question_spec.rb": [
        1,
        null,
        1,
        2,
        2,
        null,
        2,
        null,
        2,
        null,
        1,
        1,
        null,
        null
      ],
      "/home/rafael/workspace/quiz-project-tp2/app/models/question.rb": [
        null,
        null,
        null,
        1,
        null,
        null,
        1,
        null,
        1,
        null,
        null,
        null,
        null,
        1,
        1,
        null,
        1,
        null,
        1,
        21,
        null,
        null
      ],
      "/home/rafael/workspace/quiz-project-tp2/spec/models/quiz_spec.rb": [
        1,
        null,
        1,
        2,
        2,
        null,
        2,
        null,
        2,
        null,
        1,
        1,
        1,
        1,
        null,
        1,
        5,
        null,
        5,
        15,
        null,
        15,
        5,
        5,
        null,
        10,
        null,
        null,
        15,
        null,
        null,
        null,
        1,
        null,
        1,
        null,
        null
      ],
      "/home/rafael/workspace/quiz-project-tp2/app/models/quiz.rb": [
        null,
        null,
        null,
        1,
        null,
        null,
        1,
        null,
        null,
        null,
        null,
        1,
        null,
        1,
        null,
        null,
        null,
        1,
        null,
        null,
        null,
        1,
        1,
        1,
        null,
        1,
        5,
        5,
        5,
        null,
        5,
        null,
        5,
        null,
        null,
        1,
        null,
        1,
        null,
        null
      ],
      "/home/rafael/workspace/quiz-project-tp2/spec/models/topic_spec.rb": [
        1,
        null,
        1,
        2,
        2,
        null,
        2,
        null,
        2,
        null
      ],
      "/home/rafael/workspace/quiz-project-tp2/app/models/topic.rb": [
        null,
        null,
        null,
        1,
        null,
        null,
        null,
        1,
        null,
        null,
        null,
        1,
        null,
        1,
        null,
        null,
        null,
        1,
        null
      ],
      "/home/rafael/workspace/quiz-project-tp2/spec/models/user_spec.rb": [
        1,
        null,
        1,
        2,
        2,
        null,
        2,
        2,
        2,
        2,
        null,
        1,
        1,
        null,
        null
      ],
      "/home/rafael/workspace/quiz-project-tp2/app/models/user_quiz.rb": [
        null,
        null,
        1,
        1,
        1,
        null
      ],
      "/home/rafael/workspace/quiz-project-tp2/app/models/team.rb": [
        null,
        null,
        null,
        1,
        null,
        null,
        1,
        null,
        null,
        null,
        1,
        null
      ]
    },
    "timestamp": 1499541698
  }
}
